<?xml version="1.0" encoding="UTF-8"?>
<!-- Generated by org.testng.reporters.JUnitReportReporter -->
<testsuite skipped="0" hostname="LAPTOP-PEB8BH71" name="pkg.CloseWebDriverSession" tests="1" failures="0" timestamp="18 Mar 2020 01:47:53 GMT" time="0.779" errors="0">
  <testcase name="CloseWebDriverSession" time="0.779" classname="pkg.CloseWebDriverSession"/>
</testsuite> <!-- pkg.CloseWebDriverSession -->
