<?xml version="1.0" encoding="UTF-8"?>
<!-- Generated by org.testng.reporters.JUnitReportReporter -->
<testsuite skipped="0" hostname="LAPTOP-PEB8BH71" name="Scripts.ValidateCountsToolsOutOfDateByLocation" tests="4" failures="0" timestamp="18 Mar 2020 01:47:53 GMT" time="11.898" errors="0">
  <testcase name="OpenWebsite" time="0.782" classname="Scripts.ValidateCountsToolsOutOfDateByLocation"/>
  <testcase name="Login" time="5.574" classname="Scripts.ValidateCountsToolsOutOfDateByLocation"/>
  <testcase name="CompareCountsTileOnTopVSByLocation" time="4.332" classname="Scripts.ValidateCountsToolsOutOfDateByLocation"/>
  <testcase name="CloseBrowser" time="1.210" classname="Scripts.ValidateCountsToolsOutOfDateByLocation"/>
</testsuite> <!-- Scripts.ValidateCountsToolsOutOfDateByLocation -->
