<?xml version="1.0" encoding="UTF-8"?>
<!-- Generated by org.testng.reporters.JUnitReportReporter -->
<testsuite skipped="0" hostname="LAPTOP-PEB8BH71" name="Scripts.ValidateNumberInToolsNotCommunicatingTile" tests="4" failures="0" timestamp="18 Mar 2020 01:47:53 GMT" time="13.485" errors="0">
  <testcase name="OpenWebsite" time="0.778" classname="Scripts.ValidateNumberInToolsNotCommunicatingTile"/>
  <testcase name="Login" time="5.036" classname="Scripts.ValidateNumberInToolsNotCommunicatingTile"/>
  <testcase name="ValidateToolsNotCommunicatingCount" time="6.146" classname="Scripts.ValidateNumberInToolsNotCommunicatingTile"/>
  <testcase name="CloseBrowser" time="1.525" classname="Scripts.ValidateNumberInToolsNotCommunicatingTile"/>
</testsuite> <!-- Scripts.ValidateNumberInToolsNotCommunicatingTile -->
