<?xml version="1.0" encoding="UTF-8"?>
<!-- Generated by org.testng.reporters.JUnitReportReporter -->
<testsuite skipped="0" hostname="LAPTOP-PEB8BH71" name="Scripts.DrilldownToolCommunicationToEquipmentTracking" tests="4" failures="0" timestamp="18 Mar 2020 01:47:53 GMT" time="19.283" errors="0">
  <testcase name="OpenWebsite" time="0.869" classname="Scripts.DrilldownToolCommunicationToEquipmentTracking"/>
  <testcase name="Login" time="6.004" classname="Scripts.DrilldownToolCommunicationToEquipmentTracking"/>
  <testcase name="DrilldownToET" time="8.264" classname="Scripts.DrilldownToolCommunicationToEquipmentTracking"/>
  <testcase name="CloseBrowser" time="4.146" classname="Scripts.DrilldownToolCommunicationToEquipmentTracking"/>
</testsuite> <!-- Scripts.DrilldownToolCommunicationToEquipmentTracking -->
