<?xml version="1.0" encoding="UTF-8"?>
<!-- Generated by org.testng.reporters.JUnitReportReporter -->
<testsuite hostname="LAPTOP-PEB8BH71" failures="0" tests="4" name="Scripts.CompareTotalsSoftwareUpdateVSToolCommunication" time="27.442" errors="0" timestamp="18 Mar 2020 00:12:03 GMT" skipped="0">
  <testcase classname="Scripts.CompareTotalsSoftwareUpdateVSToolCommunication" name="OpenWebsite" time="11.438"/>
  <testcase classname="Scripts.CompareTotalsSoftwareUpdateVSToolCommunication" name="Login" time="9.901"/>
  <testcase classname="Scripts.CompareTotalsSoftwareUpdateVSToolCommunication" name="CompareTotals" time="4.110"/>
  <testcase classname="Scripts.CompareTotalsSoftwareUpdateVSToolCommunication" name="CloseBrowser" time="1.993"/>
</testsuite> <!-- Scripts.CompareTotalsSoftwareUpdateVSToolCommunication -->
