<?xml version="1.0" encoding="UTF-8"?>
<!-- Generated by org.testng.reporters.JUnitReportReporter -->
<testsuite skipped="0" hostname="LAPTOP-PEB8BH71" name="Scripts.ValidateCountsToolsBySoftwareVersion" tests="4" failures="0" timestamp="18 Mar 2020 01:47:53 GMT" time="12.116" errors="0">
  <testcase name="OpenWebsite" time="0.829" classname="Scripts.ValidateCountsToolsBySoftwareVersion"/>
  <testcase name="Login" time="5.565" classname="Scripts.ValidateCountsToolsBySoftwareVersion"/>
  <testcase name="CompareCountsTileOnTopVSBySoftwareVersion" time="4.520" classname="Scripts.ValidateCountsToolsBySoftwareVersion"/>
  <testcase name="CloseBrowser" time="1.202" classname="Scripts.ValidateCountsToolsBySoftwareVersion"/>
</testsuite> <!-- Scripts.ValidateCountsToolsBySoftwareVersion -->
