<?xml version="1.0" encoding="UTF-8"?>
<!-- Generated by org.testng.reporters.JUnitReportReporter -->
<testsuite skipped="0" hostname="LAPTOP-PEB8BH71" name="Scripts.CompareTotalsSoftwareUpdateVSToolCommunication" tests="4" failures="0" timestamp="18 Mar 2020 01:47:53 GMT" time="27.422" errors="0">
  <testcase name="OpenWebsite" time="11.820" classname="Scripts.CompareTotalsSoftwareUpdateVSToolCommunication"/>
  <testcase name="Login" time="10.171" classname="Scripts.CompareTotalsSoftwareUpdateVSToolCommunication"/>
  <testcase name="CompareTotals" time="4.127" classname="Scripts.CompareTotalsSoftwareUpdateVSToolCommunication"/>
  <testcase name="CloseBrowser" time="1.304" classname="Scripts.CompareTotalsSoftwareUpdateVSToolCommunication"/>
</testsuite> <!-- Scripts.CompareTotalsSoftwareUpdateVSToolCommunication -->
