<?xml version="1.0" encoding="UTF-8"?>
<!-- Generated by org.testng.reporters.JUnitReportReporter -->
<testsuite skipped="0" hostname="LAPTOP-PEB8BH71" name="Scripts.DrilldownSoftwareUpdateStatusToSVS" tests="4" failures="0" timestamp="18 Mar 2020 01:47:53 GMT" time="17.766" errors="0">
  <testcase name="OpenWebsite" time="0.771" classname="Scripts.DrilldownSoftwareUpdateStatusToSVS"/>
  <testcase name="Login" time="6.025" classname="Scripts.DrilldownSoftwareUpdateStatusToSVS"/>
  <testcase name="DrilldownToSVS" time="9.648" classname="Scripts.DrilldownSoftwareUpdateStatusToSVS"/>
  <testcase name="CloseBrowser" time="1.322" classname="Scripts.DrilldownSoftwareUpdateStatusToSVS"/>
</testsuite> <!-- Scripts.DrilldownSoftwareUpdateStatusToSVS -->
